<?xml version="1.0" encoding="UTF-8"?>
<testsuite xmlns:xsi="http://www.w3.org/2001/XMLSchema-instance" xsi:noNamespaceSchemaLocation="https://maven.apache.org/surefire/maven-surefire-plugin/xsd/surefire-test-report.xsd" name="ru.fusionsoft.dereferencer.DereferencerTest" time="0.261" tests="2" errors="1" skipped="0" failures="0">
  <properties>
[...]
</properties>
  <testcase name="Test_simple_scheme_With_url_reference" classname="ru.fusionsoft.dereferencer.DereferencerTest" time="0.025">
    <error message="begin -1, end 18, length 18" type="java.lang.StringIndexOutOfBoundsException">java.lang.StringIndexOutOfBoundsException: begin -1, end 18, length 18
	at ru.fusionsoft.dereferencer.DereferencerTest.Test_simple_scheme_With_url_reference(DereferencerTest.java:33)
</error>
  </testcase>
  <testcase name="Test_simple_scheme_With_local_And_remote_references" classname="ru.fusionsoft.dereferencer.DereferencerTest" time="0.003"/>
</testsuite>